2025-07-15 04:08:02.732 | INFO     | app.users.router:sign_up:31 - creating user.....
2025-07-15 04:08:02.732 | INFO     | app.users.router:sign_up:31 - creating user.....
2025-07-15 04:08:02.732 | INFO     | app.users.router:sign_up:31 - creating user.....
2025-07-15 04:08:02.732 | INFO     | app.users.router:sign_up:31 - creating user.....
2025-07-15 04:08:02.732 | INFO     | app.users.router:sign_up:31 - creating user.....
2025-07-15 04:08:03.083 | INFO     | app.users.router:sign_up:47 - user created successfully: pethelee33
2025-07-15 04:08:03.083 | INFO     | app.users.router:sign_up:47 - user created successfully: pethelee33
2025-07-15 04:08:03.083 | INFO     | app.users.router:sign_up:47 - user created successfully: pethelee33
2025-07-15 04:08:03.083 | INFO     | app.users.router:sign_up:47 - user created successfully: pethelee33
2025-07-15 04:08:03.083 | INFO     | app.users.router:sign_up:47 - user created successfully: pethelee33
2025-07-15 04:09:21.238 | INFO     | app.users.router:sign_up:31 - creating user.....
2025-07-15 04:09:21.238 | INFO     | app.users.router:sign_up:31 - creating user.....
2025-07-15 04:09:21.238 | INFO     | app.users.router:sign_up:31 - creating user.....
2025-07-15 04:09:21.238 | INFO     | app.users.router:sign_up:31 - creating user.....
2025-07-15 04:09:21.238 | INFO     | app.users.router:sign_up:31 - creating user.....
2025-07-15 04:09:21.240 | WARNING  | app.users.router:sign_up:35 - user trying to register but username entered already exist: pethelee33
2025-07-15 04:09:21.240 | WARNING  | app.users.router:sign_up:35 - user trying to register but username entered already exist: pethelee33
2025-07-15 04:09:21.240 | WARNING  | app.users.router:sign_up:35 - user trying to register but username entered already exist: pethelee33
2025-07-15 04:09:21.240 | WARNING  | app.users.router:sign_up:35 - user trying to register but username entered already exist: pethelee33
2025-07-15 04:09:21.240 | WARNING  | app.users.router:sign_up:35 - user trying to register but username entered already exist: pethelee33
2025-07-15 04:09:23.154 | INFO     | app.users.router:sign_up:31 - creating user.....
2025-07-15 04:09:23.154 | INFO     | app.users.router:sign_up:31 - creating user.....
2025-07-15 04:09:23.154 | INFO     | app.users.router:sign_up:31 - creating user.....
2025-07-15 04:09:23.154 | INFO     | app.users.router:sign_up:31 - creating user.....
2025-07-15 04:09:23.154 | INFO     | app.users.router:sign_up:31 - creating user.....
2025-07-15 04:09:23.156 | WARNING  | app.users.router:sign_up:35 - user trying to register but username entered already exist: pethelee33
2025-07-15 04:09:23.156 | WARNING  | app.users.router:sign_up:35 - user trying to register but username entered already exist: pethelee33
2025-07-15 04:09:23.156 | WARNING  | app.users.router:sign_up:35 - user trying to register but username entered already exist: pethelee33
2025-07-15 04:09:23.156 | WARNING  | app.users.router:sign_up:35 - user trying to register but username entered already exist: pethelee33
2025-07-15 04:09:23.156 | WARNING  | app.users.router:sign_up:35 - user trying to register but username entered already exist: pethelee33
2025-07-15 04:09:25.709 | INFO     | app.users.router:sign_up:31 - creating user.....
2025-07-15 04:09:25.709 | INFO     | app.users.router:sign_up:31 - creating user.....
2025-07-15 04:09:25.709 | INFO     | app.users.router:sign_up:31 - creating user.....
2025-07-15 04:09:25.709 | INFO     | app.users.router:sign_up:31 - creating user.....
2025-07-15 04:09:25.709 | INFO     | app.users.router:sign_up:31 - creating user.....
2025-07-15 04:09:25.712 | WARNING  | app.users.router:sign_up:35 - user trying to register but username entered already exist: pethelee33
2025-07-15 04:09:25.712 | WARNING  | app.users.router:sign_up:35 - user trying to register but username entered already exist: pethelee33
2025-07-15 04:09:25.712 | WARNING  | app.users.router:sign_up:35 - user trying to register but username entered already exist: pethelee33
2025-07-15 04:09:25.712 | WARNING  | app.users.router:sign_up:35 - user trying to register but username entered already exist: pethelee33
2025-07-15 04:09:25.712 | WARNING  | app.users.router:sign_up:35 - user trying to register but username entered already exist: pethelee33
2025-07-15 04:09:26.621 | INFO     | app.users.router:sign_up:31 - creating user.....
2025-07-15 04:09:26.621 | INFO     | app.users.router:sign_up:31 - creating user.....
2025-07-15 04:09:26.621 | INFO     | app.users.router:sign_up:31 - creating user.....
2025-07-15 04:09:26.621 | INFO     | app.users.router:sign_up:31 - creating user.....
2025-07-15 04:09:26.621 | INFO     | app.users.router:sign_up:31 - creating user.....
2025-07-15 04:09:26.623 | WARNING  | app.users.router:sign_up:35 - user trying to register but username entered already exist: pethelee33
2025-07-15 04:09:26.623 | WARNING  | app.users.router:sign_up:35 - user trying to register but username entered already exist: pethelee33
2025-07-15 04:09:26.623 | WARNING  | app.users.router:sign_up:35 - user trying to register but username entered already exist: pethelee33
2025-07-15 04:09:26.623 | WARNING  | app.users.router:sign_up:35 - user trying to register but username entered already exist: pethelee33
2025-07-15 04:09:26.623 | WARNING  | app.users.router:sign_up:35 - user trying to register but username entered already exist: pethelee33
2025-07-15 04:10:08.369 | INFO     | app.users.router:sign_up:31 - creating user.....
2025-07-15 04:10:08.369 | INFO     | app.users.router:sign_up:31 - creating user.....
2025-07-15 04:10:08.369 | INFO     | app.users.router:sign_up:31 - creating user.....
2025-07-15 04:10:08.369 | INFO     | app.users.router:sign_up:31 - creating user.....
2025-07-15 04:10:08.369 | INFO     | app.users.router:sign_up:31 - creating user.....
2025-07-15 04:10:08.704 | INFO     | app.users.router:sign_up:47 - user created successfully: user
2025-07-15 04:10:08.704 | INFO     | app.users.router:sign_up:47 - user created successfully: user
2025-07-15 04:10:08.704 | INFO     | app.users.router:sign_up:47 - user created successfully: user
2025-07-15 04:10:08.704 | INFO     | app.users.router:sign_up:47 - user created successfully: user
2025-07-15 04:10:08.704 | INFO     | app.users.router:sign_up:47 - user created successfully: user
2025-07-15 04:11:53.019 | INFO     | app.users.router:login:66 - ✅ User authenticated: user
2025-07-15 04:11:53.019 | INFO     | app.users.router:login:66 - ✅ User authenticated: user
2025-07-15 04:11:53.019 | INFO     | app.users.router:login:66 - ✅ User authenticated: user
2025-07-15 04:11:53.019 | INFO     | app.users.router:login:66 - ✅ User authenticated: user
2025-07-15 04:11:53.019 | INFO     | app.users.router:login:66 - ✅ User authenticated: user
2025-07-15 04:12:19.828 | INFO     | app.users.router:sign_up:31 - creating user.....
2025-07-15 04:12:19.828 | INFO     | app.users.router:sign_up:31 - creating user.....
2025-07-15 04:12:19.828 | INFO     | app.users.router:sign_up:31 - creating user.....
2025-07-15 04:12:19.828 | INFO     | app.users.router:sign_up:31 - creating user.....
2025-07-15 04:12:19.828 | INFO     | app.users.router:sign_up:31 - creating user.....
2025-07-15 04:12:20.133 | INFO     | app.users.router:sign_up:47 - user created successfully: users
2025-07-15 04:12:20.133 | INFO     | app.users.router:sign_up:47 - user created successfully: users
2025-07-15 04:12:20.133 | INFO     | app.users.router:sign_up:47 - user created successfully: users
2025-07-15 04:12:20.133 | INFO     | app.users.router:sign_up:47 - user created successfully: users
2025-07-15 04:12:20.133 | INFO     | app.users.router:sign_up:47 - user created successfully: users
2025-07-15 04:12:54.186 | INFO     | app.users.router:login:66 - ✅ User authenticated: users
2025-07-15 04:12:54.186 | INFO     | app.users.router:login:66 - ✅ User authenticated: users
2025-07-15 04:12:54.186 | INFO     | app.users.router:login:66 - ✅ User authenticated: users
2025-07-15 04:12:54.186 | INFO     | app.users.router:login:66 - ✅ User authenticated: users
2025-07-15 04:12:54.186 | INFO     | app.users.router:login:66 - ✅ User authenticated: users
2025-07-15 04:21:08.138 | INFO     | app.users.router:sign_up:31 - creating user.....
2025-07-15 04:21:08.138 | INFO     | app.users.router:sign_up:31 - creating user.....
2025-07-15 04:21:08.138 | INFO     | app.users.router:sign_up:31 - creating user.....
2025-07-15 04:21:08.138 | INFO     | app.users.router:sign_up:31 - creating user.....
2025-07-15 04:21:08.138 | INFO     | app.users.router:sign_up:31 - creating user.....
2025-07-15 04:21:08.431 | INFO     | app.users.router:sign_up:47 - user created successfully: userss
2025-07-15 04:21:08.431 | INFO     | app.users.router:sign_up:47 - user created successfully: userss
2025-07-15 04:21:08.431 | INFO     | app.users.router:sign_up:47 - user created successfully: userss
2025-07-15 04:21:08.431 | INFO     | app.users.router:sign_up:47 - user created successfully: userss
2025-07-15 04:21:08.431 | INFO     | app.users.router:sign_up:47 - user created successfully: userss
2025-07-15 04:50:29.491 | INFO     | app.users.router:sign_up:31 - creating user.....
2025-07-15 04:50:29.491 | INFO     | app.users.router:sign_up:31 - creating user.....
2025-07-15 04:50:29.491 | INFO     | app.users.router:sign_up:31 - creating user.....
2025-07-15 04:50:29.491 | INFO     | app.users.router:sign_up:31 - creating user.....
2025-07-15 04:50:29.491 | INFO     | app.users.router:sign_up:31 - creating user.....
2025-07-15 04:50:29.821 | INFO     | app.users.router:sign_up:47 - user created successfully: usersss
2025-07-15 04:50:29.821 | INFO     | app.users.router:sign_up:47 - user created successfully: usersss
2025-07-15 04:50:29.821 | INFO     | app.users.router:sign_up:47 - user created successfully: usersss
2025-07-15 04:50:29.821 | INFO     | app.users.router:sign_up:47 - user created successfully: usersss
2025-07-15 04:50:29.821 | INFO     | app.users.router:sign_up:47 - user created successfully: usersss
2025-07-15 04:58:24.208 | INFO     | app.users.router:sign_up:31 - creating user.....
2025-07-15 04:58:24.208 | INFO     | app.users.router:sign_up:31 - creating user.....
2025-07-15 04:58:24.208 | INFO     | app.users.router:sign_up:31 - creating user.....
2025-07-15 04:58:24.208 | INFO     | app.users.router:sign_up:31 - creating user.....
2025-07-15 04:58:24.208 | INFO     | app.users.router:sign_up:31 - creating user.....
2025-07-15 04:58:24.539 | INFO     | app.users.router:sign_up:47 - user created successfully: user1
2025-07-15 04:58:24.539 | INFO     | app.users.router:sign_up:47 - user created successfully: user1
2025-07-15 04:58:24.539 | INFO     | app.users.router:sign_up:47 - user created successfully: user1
2025-07-15 04:58:24.539 | INFO     | app.users.router:sign_up:47 - user created successfully: user1
2025-07-15 04:58:24.539 | INFO     | app.users.router:sign_up:47 - user created successfully: user1
2025-07-16 10:34:59.386 | INFO     | app.users.router:sign_up:31 - creating user.....
2025-07-16 10:34:59.386 | INFO     | app.users.router:sign_up:31 - creating user.....
2025-07-16 10:34:59.386 | INFO     | app.users.router:sign_up:31 - creating user.....
2025-07-16 10:34:59.386 | INFO     | app.users.router:sign_up:31 - creating user.....
2025-07-16 10:34:59.386 | INFO     | app.users.router:sign_up:31 - creating user.....
2025-07-16 10:35:00.169 | INFO     | app.users.router:sign_up:47 - user created successfully: peace
2025-07-16 10:35:00.169 | INFO     | app.users.router:sign_up:47 - user created successfully: peace
2025-07-16 10:35:00.169 | INFO     | app.users.router:sign_up:47 - user created successfully: peace
2025-07-16 10:35:00.169 | INFO     | app.users.router:sign_up:47 - user created successfully: peace
2025-07-16 10:35:00.169 | INFO     | app.users.router:sign_up:47 - user created successfully: peace
2025-07-16 10:52:34.929 | WARNING  | app.users.router:login:60 - Authentication denied for username: peace2
2025-07-16 10:52:34.929 | WARNING  | app.users.router:login:60 - Authentication denied for username: peace2
2025-07-16 10:52:34.929 | WARNING  | app.users.router:login:60 - Authentication denied for username: peace2
2025-07-16 10:52:34.929 | WARNING  | app.users.router:login:60 - Authentication denied for username: peace2
2025-07-16 10:52:34.929 | WARNING  | app.users.router:login:60 - Authentication denied for username: peace2
2025-07-16 10:52:52.108 | INFO     | app.users.router:login:66 - ✅ User authenticated: peace
2025-07-16 10:52:52.108 | INFO     | app.users.router:login:66 - ✅ User authenticated: peace
2025-07-16 10:52:52.108 | INFO     | app.users.router:login:66 - ✅ User authenticated: peace
2025-07-16 10:52:52.108 | INFO     | app.users.router:login:66 - ✅ User authenticated: peace
2025-07-16 10:52:52.108 | INFO     | app.users.router:login:66 - ✅ User authenticated: peace
2025-07-16 10:53:25.905 | INFO     | app.users.router:login:66 - ✅ User authenticated: peace
2025-07-16 10:53:25.905 | INFO     | app.users.router:login:66 - ✅ User authenticated: peace
2025-07-16 10:53:25.905 | INFO     | app.users.router:login:66 - ✅ User authenticated: peace
2025-07-16 10:53:25.905 | INFO     | app.users.router:login:66 - ✅ User authenticated: peace
2025-07-16 10:53:25.905 | INFO     | app.users.router:login:66 - ✅ User authenticated: peace
2025-07-16 12:04:15.774 | INFO     | app.users.router:sign_up:31 - creating user.....
2025-07-16 12:04:15.774 | INFO     | app.users.router:sign_up:31 - creating user.....
2025-07-16 12:04:15.774 | INFO     | app.users.router:sign_up:31 - creating user.....
2025-07-16 12:04:15.774 | INFO     | app.users.router:sign_up:31 - creating user.....
2025-07-16 12:04:15.774 | INFO     | app.users.router:sign_up:31 - creating user.....
2025-07-16 12:04:16.121 | INFO     | app.users.router:sign_up:47 - user created successfully: omo
2025-07-16 12:04:16.121 | INFO     | app.users.router:sign_up:47 - user created successfully: omo
2025-07-16 12:04:16.121 | INFO     | app.users.router:sign_up:47 - user created successfully: omo
2025-07-16 12:04:16.121 | INFO     | app.users.router:sign_up:47 - user created successfully: omo
2025-07-16 12:04:16.121 | INFO     | app.users.router:sign_up:47 - user created successfully: omo
2025-07-16 12:34:36.787 | INFO     | app.users.router:sign_up:31 - creating user.....
2025-07-16 12:34:36.787 | INFO     | app.users.router:sign_up:31 - creating user.....
2025-07-16 12:34:36.787 | INFO     | app.users.router:sign_up:31 - creating user.....
2025-07-16 12:34:36.787 | INFO     | app.users.router:sign_up:31 - creating user.....
2025-07-16 12:34:36.787 | INFO     | app.users.router:sign_up:31 - creating user.....
2025-07-16 12:34:37.120 | INFO     | app.users.router:sign_up:47 - user created successfully: james
2025-07-16 12:34:37.120 | INFO     | app.users.router:sign_up:47 - user created successfully: james
2025-07-16 12:34:37.120 | INFO     | app.users.router:sign_up:47 - user created successfully: james
2025-07-16 12:34:37.120 | INFO     | app.users.router:sign_up:47 - user created successfully: james
2025-07-16 12:34:37.120 | INFO     | app.users.router:sign_up:47 - user created successfully: james
2025-07-16 13:15:21.328 | WARNING  | app.users.router:login:60 - Authentication denied for username: james
2025-07-16 13:15:21.328 | WARNING  | app.users.router:login:60 - Authentication denied for username: james
2025-07-16 13:15:21.328 | WARNING  | app.users.router:login:60 - Authentication denied for username: james
2025-07-16 13:15:21.328 | WARNING  | app.users.router:login:60 - Authentication denied for username: james
2025-07-16 13:15:21.328 | WARNING  | app.users.router:login:60 - Authentication denied for username: james
2025-07-16 13:15:46.726 | INFO     | app.users.router:sign_up:31 - creating user.....
2025-07-16 13:15:46.726 | INFO     | app.users.router:sign_up:31 - creating user.....
2025-07-16 13:15:46.726 | INFO     | app.users.router:sign_up:31 - creating user.....
2025-07-16 13:15:46.726 | INFO     | app.users.router:sign_up:31 - creating user.....
2025-07-16 13:15:46.726 | INFO     | app.users.router:sign_up:31 - creating user.....
2025-07-16 13:15:47.009 | INFO     | app.users.router:sign_up:47 - user created successfully: jammy
2025-07-16 13:15:47.009 | INFO     | app.users.router:sign_up:47 - user created successfully: jammy
2025-07-16 13:15:47.009 | INFO     | app.users.router:sign_up:47 - user created successfully: jammy
2025-07-16 13:15:47.009 | INFO     | app.users.router:sign_up:47 - user created successfully: jammy
2025-07-16 13:15:47.009 | INFO     | app.users.router:sign_up:47 - user created successfully: jammy
2025-07-16 13:16:59.379 | INFO     | app.users.router:login:66 - ✅ User authenticated: jammy
2025-07-16 13:16:59.379 | INFO     | app.users.router:login:66 - ✅ User authenticated: jammy
2025-07-16 13:16:59.379 | INFO     | app.users.router:login:66 - ✅ User authenticated: jammy
2025-07-16 13:16:59.379 | INFO     | app.users.router:login:66 - ✅ User authenticated: jammy
2025-07-16 13:16:59.379 | INFO     | app.users.router:login:66 - ✅ User authenticated: jammy
2025-07-16 13:23:00.308 | INFO     | app.users.router:list_all_users:83 - Fetching list of users
2025-07-16 13:23:00.308 | INFO     | app.users.router:list_all_users:83 - Fetching list of users
2025-07-16 13:23:00.308 | INFO     | app.users.router:list_all_users:83 - Fetching list of users
2025-07-16 13:23:00.308 | INFO     | app.users.router:list_all_users:83 - Fetching list of users
2025-07-16 13:23:00.308 | INFO     | app.users.router:list_all_users:83 - Fetching list of users
2025-07-16 13:23:55.371 | INFO     | app.rooms.router:create_room:58 - Room creation request received. User: jammy, Role: admin
2025-07-16 13:23:55.371 | INFO     | app.rooms.router:create_room:58 - Room creation request received. User: jammy, Role: admin
2025-07-16 13:23:55.371 | INFO     | app.rooms.router:create_room:58 - Room creation request received. User: jammy, Role: admin
2025-07-16 13:23:55.371 | INFO     | app.rooms.router:create_room:58 - Room creation request received. User: jammy, Role: admin
2025-07-16 13:23:55.371 | INFO     | app.rooms.router:create_room:58 - Room creation request received. User: jammy, Role: admin
2025-07-16 13:23:55.377 | INFO     | app.rooms.router:create_room:76 - Creating a new room: A1
2025-07-16 13:23:55.377 | INFO     | app.rooms.router:create_room:76 - Creating a new room: A1
2025-07-16 13:23:55.377 | INFO     | app.rooms.router:create_room:76 - Creating a new room: A1
2025-07-16 13:23:55.377 | INFO     | app.rooms.router:create_room:76 - Creating a new room: A1
2025-07-16 13:23:55.377 | INFO     | app.rooms.router:create_room:76 - Creating a new room: A1
2025-07-16 13:24:08.870 | INFO     | app.rooms.router:create_room:58 - Room creation request received. User: jammy, Role: admin
2025-07-16 13:24:08.870 | INFO     | app.rooms.router:create_room:58 - Room creation request received. User: jammy, Role: admin
2025-07-16 13:24:08.870 | INFO     | app.rooms.router:create_room:58 - Room creation request received. User: jammy, Role: admin
2025-07-16 13:24:08.870 | INFO     | app.rooms.router:create_room:58 - Room creation request received. User: jammy, Role: admin
2025-07-16 13:24:08.870 | INFO     | app.rooms.router:create_room:58 - Room creation request received. User: jammy, Role: admin
2025-07-16 13:24:08.872 | INFO     | app.rooms.router:create_room:76 - Creating a new room: A2
2025-07-16 13:24:08.872 | INFO     | app.rooms.router:create_room:76 - Creating a new room: A2
2025-07-16 13:24:08.872 | INFO     | app.rooms.router:create_room:76 - Creating a new room: A2
2025-07-16 13:24:08.872 | INFO     | app.rooms.router:create_room:76 - Creating a new room: A2
2025-07-16 13:24:08.872 | INFO     | app.rooms.router:create_room:76 - Creating a new room: A2
2025-07-16 13:24:14.399 | INFO     | app.rooms.router:create_room:58 - Room creation request received. User: jammy, Role: admin
2025-07-16 13:24:14.399 | INFO     | app.rooms.router:create_room:58 - Room creation request received. User: jammy, Role: admin
2025-07-16 13:24:14.399 | INFO     | app.rooms.router:create_room:58 - Room creation request received. User: jammy, Role: admin
2025-07-16 13:24:14.399 | INFO     | app.rooms.router:create_room:58 - Room creation request received. User: jammy, Role: admin
2025-07-16 13:24:14.399 | INFO     | app.rooms.router:create_room:58 - Room creation request received. User: jammy, Role: admin
2025-07-16 13:24:14.400 | INFO     | app.rooms.router:create_room:76 - Creating a new room: A3
2025-07-16 13:24:14.400 | INFO     | app.rooms.router:create_room:76 - Creating a new room: A3
2025-07-16 13:24:14.400 | INFO     | app.rooms.router:create_room:76 - Creating a new room: A3
2025-07-16 13:24:14.400 | INFO     | app.rooms.router:create_room:76 - Creating a new room: A3
2025-07-16 13:24:14.400 | INFO     | app.rooms.router:create_room:76 - Creating a new room: A3
2025-07-16 13:24:19.297 | INFO     | app.rooms.router:create_room:58 - Room creation request received. User: jammy, Role: admin
2025-07-16 13:24:19.297 | INFO     | app.rooms.router:create_room:58 - Room creation request received. User: jammy, Role: admin
2025-07-16 13:24:19.297 | INFO     | app.rooms.router:create_room:58 - Room creation request received. User: jammy, Role: admin
2025-07-16 13:24:19.297 | INFO     | app.rooms.router:create_room:58 - Room creation request received. User: jammy, Role: admin
2025-07-16 13:24:19.297 | INFO     | app.rooms.router:create_room:58 - Room creation request received. User: jammy, Role: admin
2025-07-16 13:24:19.300 | INFO     | app.rooms.router:create_room:76 - Creating a new room: A4
2025-07-16 13:24:19.300 | INFO     | app.rooms.router:create_room:76 - Creating a new room: A4
2025-07-16 13:24:19.300 | INFO     | app.rooms.router:create_room:76 - Creating a new room: A4
2025-07-16 13:24:19.300 | INFO     | app.rooms.router:create_room:76 - Creating a new room: A4
2025-07-16 13:24:19.300 | INFO     | app.rooms.router:create_room:76 - Creating a new room: A4
2025-07-16 13:24:23.878 | INFO     | app.rooms.router:create_room:58 - Room creation request received. User: jammy, Role: admin
2025-07-16 13:24:23.878 | INFO     | app.rooms.router:create_room:58 - Room creation request received. User: jammy, Role: admin
2025-07-16 13:24:23.878 | INFO     | app.rooms.router:create_room:58 - Room creation request received. User: jammy, Role: admin
2025-07-16 13:24:23.878 | INFO     | app.rooms.router:create_room:58 - Room creation request received. User: jammy, Role: admin
2025-07-16 13:24:23.878 | INFO     | app.rooms.router:create_room:58 - Room creation request received. User: jammy, Role: admin
2025-07-16 13:24:23.879 | INFO     | app.rooms.router:create_room:76 - Creating a new room: A5
2025-07-16 13:24:23.879 | INFO     | app.rooms.router:create_room:76 - Creating a new room: A5
2025-07-16 13:24:23.879 | INFO     | app.rooms.router:create_room:76 - Creating a new room: A5
2025-07-16 13:24:23.879 | INFO     | app.rooms.router:create_room:76 - Creating a new room: A5
2025-07-16 13:24:23.879 | INFO     | app.rooms.router:create_room:76 - Creating a new room: A5
2025-07-16 13:34:48.564 | INFO     | app.users.router:login:66 - ✅ User authenticated: jammy
2025-07-16 13:34:48.564 | INFO     | app.users.router:login:66 - ✅ User authenticated: jammy
2025-07-16 13:34:48.564 | INFO     | app.users.router:login:66 - ✅ User authenticated: jammy
2025-07-16 13:34:48.564 | INFO     | app.users.router:login:66 - ✅ User authenticated: jammy
2025-07-16 13:34:48.564 | INFO     | app.users.router:login:66 - ✅ User authenticated: jammy
2025-07-16 13:46:34.578 | ERROR    | app.payments.router:list_outstanding_bookings:673 - Error in list_outstanding_bookings: 404: No outstanding bookings found.
2025-07-16 13:46:34.578 | ERROR    | app.payments.router:list_outstanding_bookings:673 - Error in list_outstanding_bookings: 404: No outstanding bookings found.
2025-07-16 13:46:34.578 | ERROR    | app.payments.router:list_outstanding_bookings:673 - Error in list_outstanding_bookings: 404: No outstanding bookings found.
2025-07-16 13:46:34.578 | ERROR    | app.payments.router:list_outstanding_bookings:673 - Error in list_outstanding_bookings: 404: No outstanding bookings found.
2025-07-16 13:46:34.578 | ERROR    | app.payments.router:list_outstanding_bookings:673 - Error in list_outstanding_bookings: 404: No outstanding bookings found.
